<?xml version="1.0" encoding="UTF-8"?>
<coverage generated="1681129777871" clover="3.2.0">
  <project timestamp="1681129777871" name="All files">
    <metrics statements="113" coveredstatements="106" conditionals="19" coveredconditionals="19" methods="6" coveredmethods="4" elements="138" coveredelements="129" complexity="0" loc="113" ncloc="113" packages="1" files="1" classes="1"/>
    <file name="ScaleGenerator.jsx" path="C:\Users\anton\Documents\University\Dissertation\wordplay\src\lib\ScaleGenerator.jsx">
      <metrics statements="113" coveredstatements="106" conditionals="19" coveredconditionals="19" methods="6" coveredmethods="4"/>
      <line num="1" count="1" type="stmt"/>
      <line num="2" count="1" type="cond" truecount="1" falsecount="0"/>
      <line num="3" count="3" type="stmt"/>
      <line num="4" count="3" type="stmt"/>
      <line num="5" count="3" type="stmt"/>
      <line num="6" count="3" type="stmt"/>
      <line num="7" count="3" type="stmt"/>
      <line num="8" count="3" type="stmt"/>
      <line num="9" count="3" type="stmt"/>
      <line num="10" count="3" type="stmt"/>
      <line num="11" count="3" type="stmt"/>
      <line num="12" count="3" type="stmt"/>
      <line num="13" count="3" type="stmt"/>
      <line num="14" count="3" type="stmt"/>
      <line num="15" count="3" type="stmt"/>
      <line num="16" count="3" type="stmt"/>
      <line num="17" count="3" type="stmt"/>
      <line num="18" count="3" type="stmt"/>
      <line num="19" count="3" type="stmt"/>
      <line num="20" count="3" type="stmt"/>
      <line num="21" count="3" type="stmt"/>
      <line num="22" count="3" type="stmt"/>
      <line num="23" count="3" type="stmt"/>
      <line num="24" count="3" type="stmt"/>
      <line num="25" count="3" type="stmt"/>
      <line num="26" count="3" type="stmt"/>
      <line num="27" count="3" type="stmt"/>
      <line num="28" count="3" type="stmt"/>
      <line num="29" count="3" type="stmt"/>
      <line num="30" count="3" type="stmt"/>
      <line num="31" count="3" type="stmt"/>
      <line num="32" count="3" type="stmt"/>
      <line num="33" count="3" type="stmt"/>
      <line num="34" count="3" type="stmt"/>
      <line num="35" count="1" type="stmt"/>
      <line num="36" count="1" type="stmt"/>
      <line num="37" count="1" type="stmt"/>
      <line num="38" count="1" type="stmt"/>
      <line num="39" count="1" type="stmt"/>
      <line num="40" count="1" type="stmt"/>
      <line num="41" count="1" type="stmt"/>
      <line num="42" count="1" type="stmt"/>
      <line num="43" count="1" type="stmt"/>
      <line num="44" count="1" type="stmt"/>
      <line num="45" count="1" type="cond" truecount="1" falsecount="0"/>
      <line num="46" count="18" type="stmt"/>
      <line num="47" count="18" type="cond" truecount="1" falsecount="0"/>
      <line num="48" count="15" type="cond" truecount="1" falsecount="0"/>
      <line num="49" count="18" type="cond" truecount="1" falsecount="0"/>
      <line num="50" count="14" type="stmt"/>
      <line num="51" count="14" type="cond" truecount="1" falsecount="0"/>
      <line num="52" count="14" type="stmt"/>
      <line num="53" count="14" type="cond" truecount="1" falsecount="0"/>
      <line num="54" count="92" type="stmt"/>
      <line num="55" count="92" type="stmt"/>
      <line num="56" count="92" type="stmt"/>
      <line num="57" count="92" type="stmt"/>
      <line num="58" count="14" type="stmt"/>
      <line num="59" count="14" type="stmt"/>
      <line num="60" count="18" type="cond" truecount="1" falsecount="0"/>
      <line num="61" count="4" type="stmt"/>
      <line num="62" count="4" type="stmt"/>
      <line num="63" count="18" type="stmt"/>
      <line num="64" count="1" type="stmt"/>
      <line num="65" count="1" type="stmt"/>
      <line num="66" count="1" type="stmt"/>
      <line num="67" count="1" type="stmt"/>
      <line num="68" count="1" type="stmt"/>
      <line num="69" count="1" type="stmt"/>
      <line num="70" count="1" type="stmt"/>
      <line num="71" count="1" type="stmt"/>
      <line num="72" count="1" type="stmt"/>
      <line num="73" count="1" type="cond" truecount="1" falsecount="0"/>
      <line num="74" count="5" type="stmt"/>
      <line num="75" count="5" type="cond" truecount="1" falsecount="0"/>
      <line num="76" count="4" type="cond" truecount="1" falsecount="0"/>
      <line num="77" count="104" type="stmt"/>
      <line num="78" count="104" type="stmt"/>
      <line num="79" count="4" type="stmt"/>
      <line num="80" count="5" type="cond" truecount="1" falsecount="0"/>
      <line num="81" count="1" type="stmt"/>
      <line num="82" count="1" type="stmt"/>
      <line num="83" count="5" type="stmt"/>
      <line num="84" count="1" type="stmt"/>
      <line num="85" count="1" type="stmt"/>
      <line num="86" count="1" type="stmt"/>
      <line num="87" count="1" type="stmt"/>
      <line num="88" count="1" type="stmt"/>
      <line num="89" count="1" type="stmt"/>
      <line num="90" count="1" type="stmt"/>
      <line num="91" count="1" type="stmt"/>
      <line num="92" count="1" type="cond" truecount="1" falsecount="0"/>
      <line num="93" count="4" type="cond" truecount="2" falsecount="0"/>
      <line num="94" count="4" type="cond" truecount="2" falsecount="0"/>
      <line num="95" count="1" type="cond" truecount="1" falsecount="0"/>
      <line num="96" count="4" type="cond" truecount="1" falsecount="0"/>
      <line num="97" count="2" type="stmt"/>
      <line num="98" count="2" type="stmt"/>
      <line num="99" count="4" type="stmt"/>
      <line num="100" count="1" type="stmt"/>
      <line num="101" count="1" type="stmt"/>
      <line num="102" count="0" type="stmt"/>
      <line num="103" count="0" type="stmt"/>
      <line num="104" count="0" type="stmt"/>
      <line num="105" count="0" type="stmt"/>
      <line num="106" count="0" type="stmt"/>
      <line num="107" count="1" type="stmt"/>
      <line num="108" count="1" type="stmt"/>
      <line num="109" count="0" type="stmt"/>
      <line num="110" count="0" type="stmt"/>
      <line num="111" count="1" type="stmt"/>
      <line num="112" count="1" type="stmt"/>
      <line num="113" count="1" type="stmt"/>
    </file>
  </project>
</coverage>
